<?xml version="1.0" encoding="UTF-8"?>
<!-- Generated by org.testng.reporters.JUnitReportReporter -->
<testsuite hostname="HP" failures="0" tests="1" name="testpackage.Testfour" time="3.002" errors="0" timestamp="2022-11-03T04:33:12 CET" skipped="0">
  <testcase classname="testpackage.Testfour" name="getTitle" time="3.002"/>
  <system-out/>
</testsuite> <!-- testpackage.Testfour -->
