<?xml version="1.0" encoding="UTF-8"?>
<!-- Generated by org.testng.reporters.JUnitReportReporter -->
<testsuite hostname="HP" failures="0" tests="1" name="testpackage.Testhelpcenter" time="8.151" errors="0" timestamp="2022-11-04T03:44:52 CET" skipped="0">
  <testcase classname="testpackage.Testhelpcenter" name="validateHelpLink" time="8.151"/>
  <system-out/>
</testsuite> <!-- testpackage.Testhelpcenter -->
