<?xml version="1.0" encoding="UTF-8"?>
<!-- Generated by org.testng.reporters.JUnitReportReporter -->
<testsuite hostname="HP" failures="0" tests="1" name="testpackage.Testthree" time="4.540" errors="0" timestamp="2022-11-03T04:25:00 CET" skipped="0">
  <testcase classname="testpackage.Testthree" name="getTitle" time="4.540"/>
  <system-out/>
</testsuite> <!-- testpackage.Testthree -->
