<?xml version="1.0" encoding="UTF-8"?>
<!-- Generated by org.testng.reporters.JUnitReportReporter -->
<testsuite hostname="HP" failures="0" tests="3" name="testpackage.Testhomepagelinks" time="8.727" errors="0" timestamp="2022-11-04T03:46:25 CET" skipped="0">
  <testcase classname="testpackage.Testhomepagelinks" name="validateBrowseEventsTodayUrl" time="4.162"/>
  <system-out/>
  <testcase classname="testpackage.Testhomepagelinks" name="validateBrowseEventsTomorrowUrl" time="2.131"/>
  <system-out/>
  <testcase classname="testpackage.Testhomepagelinks" name="validateBrowseEventsDateUrl" time="2.434"/>
  <system-out/>
</testsuite> <!-- testpackage.Testhomepagelinks -->
