<?xml version="1.0" encoding="UTF-8"?>
<!-- Generated by org.testng.reporters.JUnitReportReporter -->
<testsuite hostname="HP" failures="0" tests="3" name="testpackage.Testtwo2" time="4.898" errors="0" timestamp="2022-11-04T03:31:24 CET" skipped="0">
  <testcase classname="testpackage.Testtwo2" name="validateBrowseEventsTodayUrl" time="2.273"/>
  <system-out/>
  <testcase classname="testpackage.Testtwo2" name="validateBrowseEventsTomorrowUrl" time="1.153"/>
  <system-out/>
  <testcase classname="testpackage.Testtwo2" name="validateBrowseEventsDateUrl" time="1.472"/>
  <system-out/>
</testsuite> <!-- testpackage.Testtwo2 -->
