<?xml version="1.0" encoding="UTF-8"?>
<!-- Generated by org.testng.reporters.JUnitReportReporter -->
<testsuite hostname="HP" failures="0" tests="1" name="testpackage.Testtwo3" time="5.612" errors="0" timestamp="2022-11-04T03:33:57 CET" skipped="0">
  <testcase classname="testpackage.Testtwo3" name="validateHelpLink" time="5.612"/>
  <system-out/>
</testsuite> <!-- testpackage.Testtwo3 -->
